<?xml version="1.0" encoding="UTF-8"?>
<testng-results skipped="0" failed="0" ignored="0" total="1" passed="1">
  <reporter-output>
  </reporter-output>
  <suite name="Surefire suite" duration-ms="156" started-at="2023-04-16T10:28:44 IST" finished-at="2023-04-16T10:28:44 IST">
    <groups>
    </groups>
    <test name="Surefire test" duration-ms="156" started-at="2023-04-16T10:28:44 IST" finished-at="2023-04-16T10:28:44 IST">
      <class name="MyTest">
        <test-method status="PASS" signature="testCase_1()[pri:0, instance:MyTest@1e127982]" name="testCase_1" duration-ms="8" started-at="2023-04-16T10:28:44 IST" finished-at="2023-04-16T10:28:44 IST">
          <reporter-output>
          </reporter-output>
        </test-method> <!-- testCase_1 -->
      </class> <!-- MyTest -->
    </test> <!-- Surefire test -->
  </suite> <!-- Surefire suite -->
</testng-results>
